<?xml version="1.0" encoding="UTF-8"?>
<!-- Generated by org.testng.reporters.JUnitXMLReporter -->
<testsuite ignored="0" hostname="Vignesh-PC" failures="0" tests="3" name="CallBack Functionality" time="165.878" errors="0" timestamp="12 Aug 2019 06:29:34 GMT">
  <testcase classname="com.fridaymove.CallbackFunctionality" name="Callback" time="20.79"/>
  <testcase classname="com.fridaymove.CallbackFunctionality" name="Callback" time="3.939"/>
  <testcase classname="com.fridaymove.CallbackFunctionality" name="contactUs" time="22.411"/>
</testsuite> <!-- CallBack Functionality -->
