<?xml version="1.0" encoding="UTF-8"?>
<!-- Generated by org.testng.reporters.JUnitXMLReporter -->
<testsuite ignored="0" hostname="Vignesh-PC" failures="0" tests="4" name="Residential Purchase option" time="132.657" errors="0" timestamp="12 Aug 2019 06:32:56 GMT">
  <testcase classname="com.fridaymove.Purchase" name="purchaseResidential" time="20.454"/>
  <testcase classname="com.fridaymove.Purchase" name="purchseresidence_button" time="25.647"/>
  <testcase classname="com.fridaymove.Purchase" name="purchseresidence_mainmenu" time="28.166"/>
  <testcase classname="com.fridaymove.Purchase" name="purchseresidence_quote" time="23.379"/>
</testsuite> <!-- Residential Purchase option -->
