<?xml version="1.0" encoding="UTF-8"?>
<!-- Generated by org.testng.reporters.JUnitXMLReporter -->
<testsuite ignored="0" hostname="Vignesh-PC" failures="0" tests="9" name="Test" time="434.459" errors="0" timestamp="11 Aug 2019 17:01:01 GMT">
  <testcase classname="com.fridaymove.CallbackFunctionality" name="Callback" time="41.713"/>
  <testcase classname="com.fridaymove.CallbackFunctionality" name="Callback" time="6.317"/>
  <testcase classname="com.fridaymove.CallbackFunctionality" name="contactUs" time="37.859"/>
  <testcase classname="com.fridaymove.logoVerify" name="HomepageLandingLogo" time="2.189"/>
  <testcase classname="com.fridaymove.logoVerify" name="residentialLogo" time="21.37"/>
  <testcase classname="com.fridaymove.Purchase" name="purchaseResidential" time="35.646"/>
  <testcase classname="com.fridaymove.Purchase" name="purchseresidence_button" time="23.988"/>
  <testcase classname="com.fridaymove.Purchase" name="purchseresidence_mainmenu" time="29.901"/>
  <testcase classname="com.fridaymove.Purchase" name="purchseresidence_quote" time="18.469"/>
</testsuite> <!-- Test -->
