<?xml version="1.0" encoding="UTF-8"?>
<!-- Generated by org.testng.reporters.JUnitXMLReporter -->
<testsuite hostname="Vignesh-PC" ignored="0" name="Test" tests="9" failures="0" timestamp="11 Aug 2019 17:09:18 GMT" time="312.673" errors="0">
  <testcase name="Callback" time="25.133" classname="com.fridaymove.CallbackFunctionality"/>
  <testcase name="Callback" time="4.827" classname="com.fridaymove.CallbackFunctionality"/>
  <testcase name="contactUs" time="17.815" classname="com.fridaymove.CallbackFunctionality"/>
  <testcase name="HomepageLandingLogo" time="0.563" classname="com.fridaymove.logoVerify"/>
  <testcase name="residentialLogo" time="8.7" classname="com.fridaymove.logoVerify"/>
  <testcase name="purchaseResidential" time="22.351" classname="com.fridaymove.Purchase"/>
  <testcase name="purchseresidence_button" time="28.29" classname="com.fridaymove.Purchase"/>
  <testcase name="purchseresidence_mainmenu" time="29.842" classname="com.fridaymove.Purchase"/>
  <testcase name="purchseresidence_quote" time="26.942" classname="com.fridaymove.Purchase"/>
</testsuite> <!-- Test -->
